<?xml version="1.0" encoding="UTF-8"?>
<!-- Generated by org.testng.reporters.JUnitReportReporter -->
<testsuite hostname="user13" failures="0" tests="1" name="Runners.RerunRunner" time="5.789" errors="0" timestamp="2024-11-14T13:38:04 IST" skipped="0">
  <testcase classname="Runners.RerunRunner" name="runScenario" time="5.789"/>
</testsuite> <!-- Runners.RerunRunner -->
