<?xml version="1.0" encoding="UTF-8"?>
<!-- Generated by org.testng.reporters.JUnitReportReporter -->
<testsuite hostname="user13" failures="0" tests="3" name="Runners.GooglePageRunner" time="23.208" errors="0" timestamp="2024-11-15T10:30:55 IST" skipped="0">
  <testcase classname="Runners.GooglePageRunner" name="runScenario" time="3.826"/>
  <testcase classname="Runners.GooglePageRunner" name="runScenario" time="11.018"/>
  <testcase classname="Runners.GooglePageRunner" name="runScenario" time="8.364"/>
</testsuite> <!-- Runners.GooglePageRunner -->
